info: ----------------------------
info: method = "GET"
info: url = "/users"
info: body = {}
info: query = {}
info: ----------------------------
info: ----------------------------
info: method = "POST"
info: url = "/users"
info: body = {"name":"TEST_USER","login":"test_user","password":"T35t_P@55w0rd"}
info: query = {}
info: ----------------------------
info: ----------------------------
info: method = "GET"
info: url = "/users/f20e6c3e-afbc-4762-a432-063d910c4ea8"
info: body = {}
info: query = {}
info: ----------------------------
info: ----------------------------
info: method = "DELETE"
info: url = "/users/f20e6c3e-afbc-4762-a432-063d910c4ea8"
info: body = {}
info: query = {}
info: ----------------------------
info: ----------------------------
info: method = "POST"
info: url = "/users"
info: body = {"name":"TEST_USER","login":"test_user","password":"T35t_P@55w0rd"}
info: query = {}
info: ----------------------------
info: ----------------------------
info: method = "DELETE"
info: url = "/users/4d0b55d3-64f8-4d7c-988f-4c72790dd21b"
info: body = {}
info: query = {}
info: ----------------------------
info: ----------------------------
info: method = "POST"
info: url = "/users"
info: body = {"name":"TEST_USER","login":"test_user","password":"T35t_P@55w0rd"}
info: query = {}
info: ----------------------------
info: ----------------------------
info: method = "PUT"
info: url = "/users/f45eceec-ca19-44b3-8cbf-2c6ef900b853"
info: body = {"name":"Autotest updated TEST_USER","login":"test_user","password":"T35t_P@55w0rd","id":"f45eceec-ca19-44b3-8cbf-2c6ef900b853"}
info: query = {}
info: ----------------------------
info: ----------------------------
info: method = "GET"
info: url = "/users/f45eceec-ca19-44b3-8cbf-2c6ef900b853"
info: body = {}
info: query = {}
info: ----------------------------
info: ----------------------------
info: method = "DELETE"
info: url = "/users/f45eceec-ca19-44b3-8cbf-2c6ef900b853"
info: body = {}
info: query = {}
info: ----------------------------
info: ----------------------------
info: method = "POST"
info: url = "/users"
info: body = {"name":"TEST_USER","login":"test_user","password":"T35t_P@55w0rd"}
info: query = {}
info: ----------------------------
info: ----------------------------
info: method = "DELETE"
info: url = "/users/58639beb-61b2-4564-9ffa-d6f78cc4b676"
info: body = {}
info: query = {}
info: ----------------------------
info: ----------------------------
info: method = "POST"
info: url = "/users"
info: body = {"name":"TEST_USER","login":"test_user","password":"T35t_P@55w0rd"}
info: query = {}
info: ----------------------------
info: ----------------------------
info: method = "POST"
info: url = "/boards"
info: body = {"title":"Autotest board","columns":[{"title":"Backlog","order":1},{"title":"Sprint","order":2}]}
info: query = {}
info: ----------------------------
info: ----------------------------
info: method = "POST"
info: url = "/boards/2c1d2061-b66e-45ad-a576-2a776c3201f3/tasks"
info: body = {"title":"Task #1","order":1,"description":"Lorem ipsum","userId":"60710680-c21f-4c3a-9d57-aa382e3e83cd","boardId":"2c1d2061-b66e-45ad-a576-2a776c3201f3"}
info: query = {}
info: ----------------------------
info: ----------------------------
info: method = "POST"
info: url = "/boards/2c1d2061-b66e-45ad-a576-2a776c3201f3/tasks"
info: body = {"title":"Task #2","order":2,"description":"Lorem ipsum","userId":"60710680-c21f-4c3a-9d57-aa382e3e83cd","boardId":"2c1d2061-b66e-45ad-a576-2a776c3201f3"}
info: query = {}
info: ----------------------------
info: ----------------------------
info: method = "DELETE"
info: url = "/users/60710680-c21f-4c3a-9d57-aa382e3e83cd"
info: body = {}
info: query = {}
info: ----------------------------
info: ----------------------------
info: method = "GET"
info: url = "/boards/2c1d2061-b66e-45ad-a576-2a776c3201f3/tasks/5f1334e3-730e-4486-8fec-cdc0579e72b1"
info: body = {}
info: query = {}
info: ----------------------------
info: ----------------------------
info: method = "GET"
info: url = "/boards/2c1d2061-b66e-45ad-a576-2a776c3201f3/tasks/b5600b72-5517-45df-b782-6da5dbdff998"
info: body = {}
info: query = {}
info: ----------------------------
info: ----------------------------
info: method = "DELETE"
info: url = "/boards/2c1d2061-b66e-45ad-a576-2a776c3201f3/tasks/5f1334e3-730e-4486-8fec-cdc0579e72b1"
info: body = {}
info: query = {}
info: ----------------------------
info: ----------------------------
info: method = "DELETE"
info: url = "/boards/2c1d2061-b66e-45ad-a576-2a776c3201f3/tasks/b5600b72-5517-45df-b782-6da5dbdff998"
info: body = {}
info: query = {}
info: ----------------------------
info: ----------------------------
info: method = "DELETE"
info: url = "/boards/2c1d2061-b66e-45ad-a576-2a776c3201f3"
info: body = {}
info: query = {}
info: ----------------------------
info: ----------------------------
info: method = "POST"
info: url = "/boards"
info: body = {"title":"Autotest board","columns":[{"title":"Backlog","order":1},{"title":"Sprint","order":2}]}
info: query = {}
info: ----------------------------
info: ----------------------------
info: method = "GET"
info: url = "/boards"
info: body = {}
info: query = {}
info: ----------------------------
info: ----------------------------
info: method = "GET"
info: url = "/boards"
info: body = {}
info: query = {}
info: ----------------------------
info: ----------------------------
info: method = "GET"
info: url = "/boards/9c5e671a-872a-41a6-96a3-7f9e104e2b60"
info: body = {}
info: query = {}
info: ----------------------------
info: ----------------------------
info: method = "POST"
info: url = "/boards"
info: body = {"title":"Autotest board","columns":[{"title":"Backlog","order":1},{"title":"Sprint","order":2}]}
info: query = {}
info: ----------------------------
info: ----------------------------
info: method = "DELETE"
info: url = "/boards/a79ad484-d85c-40a6-b4a7-2689c77e71d3"
info: body = {}
info: query = {}
info: ----------------------------
info: ----------------------------
info: method = "POST"
info: url = "/boards"
info: body = {"title":"Autotest board","columns":[{"title":"Backlog","order":1},{"title":"Sprint","order":2}]}
info: query = {}
info: ----------------------------
info: ----------------------------
info: method = "PUT"
info: url = "/boards/66bef979-9938-443a-86d2-216437cbe5d5"
info: body = {"id":"66bef979-9938-443a-86d2-216437cbe5d5","title":"Autotest updated board","columns":[{"title":"Backlog","order":1},{"title":"Sprint","order":2}]}
info: query = {}
info: ----------------------------
info: ----------------------------
info: method = "GET"
info: url = "/boards/66bef979-9938-443a-86d2-216437cbe5d5"
info: body = {}
info: query = {}
info: ----------------------------
info: ----------------------------
info: method = "DELETE"
info: url = "/boards/66bef979-9938-443a-86d2-216437cbe5d5"
info: body = {}
info: query = {}
info: ----------------------------
info: ----------------------------
info: method = "POST"
info: url = "/boards"
info: body = {"title":"Autotest board","columns":[{"title":"Backlog","order":1},{"title":"Sprint","order":2}]}
info: query = {}
info: ----------------------------
info: ----------------------------
info: method = "DELETE"
info: url = "/boards/a9be070a-124e-4e30-b675-1c2e5069d7f5"
info: body = {}
info: query = {}
info: ----------------------------
info: ----------------------------
info: method = "GET"
info: url = "/boards/a9be070a-124e-4e30-b675-1c2e5069d7f5"
info: body = {}
info: query = {}
info: ----------------------------
info: ----------------------------
info: method = "POST"
info: url = "/boards"
info: body = {"title":"Autotest board","columns":[{"title":"Backlog","order":1},{"title":"Sprint","order":2}]}
info: query = {}
info: ----------------------------
info: ----------------------------
info: method = "POST"
info: url = "/boards/8176b09f-ff22-4d86-9b5c-806feae441ac/tasks"
info: body = {"title":"Task #1","order":1,"description":"Lorem ipsum","boardId":"8176b09f-ff22-4d86-9b5c-806feae441ac","userId":null,"columnId":null}
info: query = {}
info: ----------------------------
info: ----------------------------
info: method = "POST"
info: url = "/boards/8176b09f-ff22-4d86-9b5c-806feae441ac/tasks"
info: body = {"title":"Task #2","order":2,"description":"Lorem ipsum","boardId":"8176b09f-ff22-4d86-9b5c-806feae441ac","userId":null,"columnId":null}
info: query = {}
info: ----------------------------
info: ----------------------------
info: method = "POST"
info: url = "/boards/8176b09f-ff22-4d86-9b5c-806feae441ac/tasks"
info: body = {"title":"Task #3","order":3,"description":"Lorem ipsum","boardId":"8176b09f-ff22-4d86-9b5c-806feae441ac","userId":null,"columnId":null}
info: query = {}
info: ----------------------------
info: ----------------------------
info: method = "POST"
info: url = "/boards/8176b09f-ff22-4d86-9b5c-806feae441ac/tasks"
info: body = {"title":"Task #4","order":4,"description":"Lorem ipsum","boardId":"8176b09f-ff22-4d86-9b5c-806feae441ac","userId":null,"columnId":null}
info: query = {}
info: ----------------------------
info: ----------------------------
info: method = "POST"
info: url = "/boards/8176b09f-ff22-4d86-9b5c-806feae441ac/tasks"
info: body = {"title":"Task #5","order":5,"description":"Lorem ipsum","boardId":"8176b09f-ff22-4d86-9b5c-806feae441ac","userId":null,"columnId":null}
info: query = {}
info: ----------------------------
info: ----------------------------
info: method = "GET"
info: url = "/boards/8176b09f-ff22-4d86-9b5c-806feae441ac/tasks/2cb6caa9-3e92-4540-81ac-7b51b26da381"
info: body = {}
info: query = {}
info: ----------------------------
info: ----------------------------
info: method = "GET"
info: url = "/boards/8176b09f-ff22-4d86-9b5c-806feae441ac/tasks/bdda9677-caac-45be-adea-ad78116cb2cd"
info: body = {}
info: query = {}
info: ----------------------------
info: ----------------------------
info: method = "GET"
info: url = "/boards/8176b09f-ff22-4d86-9b5c-806feae441ac/tasks/1fb318da-ed92-48dc-aba1-6f3e643f174c"
info: body = {}
info: query = {}
info: ----------------------------
info: ----------------------------
info: method = "GET"
info: url = "/boards/8176b09f-ff22-4d86-9b5c-806feae441ac/tasks/c245d602-fca2-4c54-8bbc-d76d78b7d7ea"
info: body = {}
info: query = {}
info: ----------------------------
info: ----------------------------
info: method = "GET"
info: url = "/boards/8176b09f-ff22-4d86-9b5c-806feae441ac/tasks/71f9afab-1c4e-4aeb-8d88-57b7e4d5843e"
info: body = {}
info: query = {}
info: ----------------------------
info: ----------------------------
info: method = "DELETE"
info: url = "/boards/8176b09f-ff22-4d86-9b5c-806feae441ac"
info: body = {}
info: query = {}
info: ----------------------------
info: ----------------------------
info: method = "GET"
info: url = "/boards/8176b09f-ff22-4d86-9b5c-806feae441ac/tasks/bdda9677-caac-45be-adea-ad78116cb2cd"
info: body = {}
info: query = {}
info: ----------------------------
info: ----------------------------
info: method = "GET"
info: url = "/boards/8176b09f-ff22-4d86-9b5c-806feae441ac/tasks/2cb6caa9-3e92-4540-81ac-7b51b26da381"
info: body = {}
info: query = {}
info: ----------------------------
info: ----------------------------
info: method = "GET"
info: url = "/boards/8176b09f-ff22-4d86-9b5c-806feae441ac/tasks/1fb318da-ed92-48dc-aba1-6f3e643f174c"
info: body = {}
info: query = {}
info: ----------------------------
info: ----------------------------
info: method = "GET"
info: url = "/boards/8176b09f-ff22-4d86-9b5c-806feae441ac/tasks/c245d602-fca2-4c54-8bbc-d76d78b7d7ea"
info: body = {}
info: query = {}
info: ----------------------------
info: ----------------------------
info: method = "GET"
info: url = "/boards/8176b09f-ff22-4d86-9b5c-806feae441ac/tasks/71f9afab-1c4e-4aeb-8d88-57b7e4d5843e"
info: body = {}
info: query = {}
info: ----------------------------
info: ----------------------------
info: method = "DELETE"
info: url = "/boards/9c5e671a-872a-41a6-96a3-7f9e104e2b60"
info: body = {}
info: query = {}
info: ----------------------------
info: ----------------------------
info: method = "POST"
info: url = "/boards"
info: body = {"title":"Autotest board","columns":[{"title":"Backlog","order":1},{"title":"Sprint","order":2}]}
info: query = {}
info: ----------------------------
info: ----------------------------
info: method = "POST"
info: url = "/boards/6c9b61c6-2833-4592-9922-51445febb366/tasks"
info: body = {"title":"Autotest task","order":0,"description":"Lorem ipsum","userId":null,"boardId":null,"columnId":null}
info: query = {}
info: ----------------------------
info: ----------------------------
info: method = "GET"
info: url = "/boards/6c9b61c6-2833-4592-9922-51445febb366/tasks"
info: body = {}
info: query = {}
info: ----------------------------
info: ----------------------------
info: method = "GET"
info: url = "/boards/6c9b61c6-2833-4592-9922-51445febb366/tasks"
info: body = {}
info: query = {}
info: ----------------------------
info: ----------------------------
info: method = "GET"
info: url = "/boards/6c9b61c6-2833-4592-9922-51445febb366/tasks/e297716e-c32d-4137-924e-7a0faaaf8194"
info: body = {}
info: query = {}
info: ----------------------------
info: ----------------------------
info: method = "POST"
info: url = "/boards/6c9b61c6-2833-4592-9922-51445febb366/tasks"
info: body = {"title":"Autotest task","order":0,"description":"Lorem ipsum","userId":null,"boardId":null,"columnId":null}
info: query = {}
info: ----------------------------
info: ----------------------------
info: method = "DELETE"
info: url = "/boards/6c9b61c6-2833-4592-9922-51445febb366/tasks/043d8623-dd67-42bd-84db-a564ffac0d83"
info: body = {}
info: query = {}
info: ----------------------------
info: ----------------------------
info: method = "POST"
info: url = "/boards/6c9b61c6-2833-4592-9922-51445febb366/tasks"
info: body = {"title":"Autotest task","order":0,"description":"Lorem ipsum","userId":null,"boardId":null,"columnId":null}
info: query = {}
info: ----------------------------
info: ----------------------------
info: method = "PUT"
info: url = "/boards/6c9b61c6-2833-4592-9922-51445febb366/tasks/1c928e1a-7eb2-4177-be39-f6c08a5d82fb"
info: body = {"id":"1c928e1a-7eb2-4177-be39-f6c08a5d82fb","title":"Autotest updated task","order":0,"description":"Lorem ipsum","userId":null,"boardId":"6c9b61c6-2833-4592-9922-51445febb366","columnId":null}
info: query = {}
info: ----------------------------
info: ----------------------------
info: method = "GET"
info: url = "/boards/6c9b61c6-2833-4592-9922-51445febb366/tasks/1c928e1a-7eb2-4177-be39-f6c08a5d82fb"
info: body = {}
info: query = {}
info: ----------------------------
info: ----------------------------
info: method = "GET"
info: url = "/boards/6c9b61c6-2833-4592-9922-51445febb366/tasks/e297716e-c32d-4137-924e-7a0faaaf8194"
info: body = {}
info: query = {}
info: ----------------------------
info: ----------------------------
info: method = "DELETE"
info: url = "/boards/6c9b61c6-2833-4592-9922-51445febb366/tasks/e297716e-c32d-4137-924e-7a0faaaf8194"
info: body = {}
info: query = {}
info: ----------------------------
info: ----------------------------
info: method = "GET"
info: url = "/boards/6c9b61c6-2833-4592-9922-51445febb366/tasks/e297716e-c32d-4137-924e-7a0faaaf8194"
info: body = {}
info: query = {}
info: ----------------------------
info: ----------------------------
info: method = "DELETE"
info: url = "/boards/6c9b61c6-2833-4592-9922-51445febb366"
info: body = {}
info: query = {}
info: ----------------------------
